[    0.000000] Initializing cgroup subsys cpuset
[    0.000000] Initializing cgroup subsys cpu
[    0.000000] Initializing cgroup subsys cpuacct
[    0.000000] Linux version 4.4.0-148-generic (buildd@lgw01-amd64-031) (gcc version 5.4.0 20160609 (Ubuntu 5.4.0-6ubuntu1~16.04.10) ) #174-Ubuntu SMP Tue May 7 12:20:14 UTC 2019 (Ubuntu 4.4.0-148.174-generic 4.4.177)
[    0.000000] Command line: BOOT_IMAGE=/boot/vmlinuz-4.4.0-148-generic root=LABEL=cloudimg-rootfs ro console=tty1 console=ttyS0
[    0.000000] KERNEL supported cpus:
[    0.000000]   Intel GenuineIntel
[    0.000000]   AMD AuthenticAMD
[    0.000000]   Centaur CentaurHauls
[    0.000000] x86/fpu: xstate_offset[2]:  576, xstate_sizes[2]:  256
[    0.000000] x86/fpu: Supporting XSAVE feature 0x01: 'x87 floating point registers'
[    0.000000] x86/fpu: Supporting XSAVE feature 0x02: 'SSE registers'
[    0.000000] x86/fpu: Supporting XSAVE feature 0x04: 'AVX registers'
[    0.000000] x86/fpu: Enabled xstate features 0x7, context size is 832 bytes, using 'standard' format.
[    0.000000] e820: BIOS-provided physical RAM map:
[    0.000000] BIOS-e820: [mem 0x0000000000000000-0x000000000009fbff] usable
[    0.000000] BIOS-e820: [mem 0x000000000009fc00-0x000000000009ffff] reserved
[    0.000000] BIOS-e820: [mem 0x00000000000f0000-0x00000000000fffff] reserved
[    0.000000] BIOS-e820: [mem 0x0000000000100000-0x000000003ffeffff] usable
[    0.000000] BIOS-e820: [mem 0x000000003fff0000-0x000000003fffffff] ACPI data
[    0.000000] BIOS-e820: [mem 0x00000000fec00000-0x00000000fec00fff] reserved
[    0.000000] BIOS-e820: [mem 0x00000000fee00000-0x00000000fee00fff] reserved
[    0.000000] BIOS-e820: [mem 0x00000000fffc0000-0x00000000ffffffff] reserved
[    0.000000] NX (Execute Disable) protection: active
[    0.000000] SMBIOS 2.5 present.
[    0.000000] Hypervisor detected: KVM
[    0.000000] e820: last_pfn = 0x3fff0 max_arch_pfn = 0x400000000
[    0.000000] MTRR: Disabled
[    0.000000] x86/PAT: MTRRs disabled, skipping PAT initialization too.
[    0.000000] CPU MTRRs all blank - virtualized system.
[    0.000000] x86/PAT: Configuration [0-7]: WB  WT  UC- UC  WB  WT  UC- UC  
[    0.000000] found SMP MP-table at [mem 0x0009fff0-0x0009ffff] mapped at [ffff88000009fff0]
[    0.000000] Scanning 1 areas for low memory corruption
[    0.000000] RAMDISK: [mem 0x362fa000-0x37174fff]
[    0.000000] ACPI: Early table checksum verification disabled
[    0.000000] ACPI: RSDP 0x00000000000E0000 000024 (v02 VBOX  )
[    0.000000] ACPI: XSDT 0x000000003FFF0030 00003C (v01 VBOX   VBOXXSDT 00000001 ASL  00000061)
[    0.000000] ACPI: FACP 0x000000003FFF00F0 0000F4 (v04 VBOX   VBOXFACP 00000001 ASL  00000061)
[    0.000000] ACPI: DSDT 0x000000003FFF0470 0022EA (v02 VBOX   VBOXBIOS 00000002 INTL 20100528)
[    0.000000] ACPI: FACS 0x000000003FFF0200 000040
[    0.000000] ACPI: FACS 0x000000003FFF0200 000040
[    0.000000] ACPI: APIC 0x000000003FFF0240 00005C (v02 VBOX   VBOXAPIC 00000001 ASL  00000061)
[    0.000000] ACPI: SSDT 0x000000003FFF02A0 0001CC (v01 VBOX   VBOXCPUT 00000002 INTL 20100528)
[    0.000000] No NUMA configuration found
[    0.000000] Faking a node at [mem 0x0000000000000000-0x000000003ffeffff]
[    0.000000] NODE_DATA(0) allocated [mem 0x3ffeb000-0x3ffeffff]
[    0.000000] kvm-clock: Using msrs 4b564d01 and 4b564d00
[    0.000000] kvm-clock: cpu 0, msr 0:3ffe3001, primary cpu clock
[    0.000000] kvm-clock: using sched offset of 4042711908 cycles
[    0.000000] clocksource: kvm-clock: mask: 0xffffffffffffffff max_cycles: 0x1cd42e4dffb, max_idle_ns: 881590591483 ns
[    0.000000] Zone ranges:
[    0.000000]   DMA      [mem 0x0000000000001000-0x0000000000ffffff]
[    0.000000]   DMA32    [mem 0x0000000001000000-0x000000003ffeffff]
[    0.000000]   Normal   empty
[    0.000000]   Device   empty
[    0.000000] Movable zone start for each node
[    0.000000] Early memory node ranges
[    0.000000]   node   0: [mem 0x0000000000001000-0x000000000009efff]
[    0.000000]   node   0: [mem 0x0000000000100000-0x000000003ffeffff]
[    0.000000] Initmem setup node 0 [mem 0x0000000000001000-0x000000003ffeffff]
[    0.000000] ACPI: PM-Timer IO Port: 0x4008
[    0.000000] IOAPIC[0]: apic_id 2, version 32, address 0xfec00000, GSI 0-23
[    0.000000] ACPI: INT_SRC_OVR (bus 0 bus_irq 0 global_irq 2 dfl dfl)
[    0.000000] ACPI: INT_SRC_OVR (bus 0 bus_irq 9 global_irq 9 low level)
[    0.000000] Using ACPI (MADT) for SMP configuration information
[    0.000000] smpboot: Allowing 2 CPUs, 0 hotplug CPUs
[    0.000000] PM: Registered nosave memory: [mem 0x00000000-0x00000fff]
[    0.000000] PM: Registered nosave memory: [mem 0x0009f000-0x0009ffff]
[    0.000000] PM: Registered nosave memory: [mem 0x000a0000-0x000effff]
[    0.000000] PM: Registered nosave memory: [mem 0x000f0000-0x000fffff]
[    0.000000] e820: [mem 0x40000000-0xfebfffff] available for PCI devices
[    0.000000] Booting paravirtualized kernel on KVM
[    0.000000] clocksource: refined-jiffies: mask: 0xffffffff max_cycles: 0xffffffff, max_idle_ns: 7645519600211568 ns
[    0.000000] setup_percpu: NR_CPUS:512 nr_cpumask_bits:512 nr_cpu_ids:2 nr_node_ids:1
[    0.000000] PERCPU: Embedded 34 pages/cpu @ffff88003fc00000 s99480 r8192 d31592 u1048576
[    0.000000] Built 1 zonelists in Node order, mobility grouping on.  Total pages: 257912
[    0.000000] Policy zone: DMA32
[    0.000000] Kernel command line: BOOT_IMAGE=/boot/vmlinuz-4.4.0-148-generic root=LABEL=cloudimg-rootfs ro console=tty1 console=ttyS0
[    0.000000] PID hash table entries: 4096 (order: 3, 32768 bytes)
[    0.000000] Memory: 997732K/1048120K available (8609K kernel code, 1334K rwdata, 4028K rodata, 1484K init, 1284K bss, 50388K reserved, 0K cma-reserved)
[    0.000000] SLUB: HWalign=64, Order=0-3, MinObjects=0, CPUs=2, Nodes=1
[    0.000000] Kernel/User page tables isolation: enabled
[    0.000000] Hierarchical RCU implementation.
[    0.000000] 	Build-time adjustment of leaf fanout to 64.
[    0.000000] 	RCU restricting CPUs from NR_CPUS=512 to nr_cpu_ids=2.
[    0.000000] RCU: Adjusting geometry for rcu_fanout_leaf=64, nr_cpu_ids=2
[    0.000000] NR_IRQS:33024 nr_irqs:440 16
[    0.000000] Console: colour VGA+ 80x25
[    0.000000] console [tty1] enabled
[    0.000000] console [ttyS0] enabled
[    0.000000] tsc: Detected 2494.316 MHz processor
[    0.245959] Calibrating delay loop (skipped) preset value.. 4988.63 BogoMIPS (lpj=9977264)
[    0.249124] pid_max: default: 32768 minimum: 301
[    0.250957] ACPI: Core revision 20150930
[    0.253692] ACPI: 2 ACPI AML tables successfully acquired and loaded
[    0.256224] Security Framework initialized
[    0.257763] Yama: becoming mindful.
[    0.259136] AppArmor: AppArmor initialized
[    0.260827] Dentry cache hash table entries: 131072 (order: 8, 1048576 bytes)
[    0.265134] Inode-cache hash table entries: 65536 (order: 7, 524288 bytes)
[    0.267628] Mount-cache hash table entries: 2048 (order: 2, 16384 bytes)
[    0.270081] Mountpoint-cache hash table entries: 2048 (order: 2, 16384 bytes)
[    0.272974] Initializing cgroup subsys io
[    0.274496] Initializing cgroup subsys memory
[    0.276116] Initializing cgroup subsys devices
[    0.278003] Initializing cgroup subsys freezer
[    0.279676] Initializing cgroup subsys net_cls
[    0.281404] Initializing cgroup subsys perf_event
[    0.283195] Initializing cgroup subsys net_prio
[    0.284931] Initializing cgroup subsys hugetlb
[    0.286568] Initializing cgroup subsys pids
[    0.288613] mce: CPU supports 0 MCE banks
[    0.290150] Last level iTLB entries: 4KB 512, 2MB 8, 4MB 8
[    0.292254] Last level dTLB entries: 4KB 512, 2MB 32, 4MB 32, 1GB 0
[    0.294440] Spectre V2 : Mitigation: Full generic retpoline
[    0.296478] Spectre V2 : Spectre v2 / SpectreRSB mitigation: Filling RSB on context switch
[    0.299491] Speculative Store Bypass: Vulnerable
[    0.301396] MDS: Vulnerable: Clear CPU buffers attempted, no microcode
[    0.308103] Freeing SMP alternatives memory: 36K
[    0.316749] ftrace: allocating 32293 entries in 127 pages
[    0.386718] smpboot: APIC(0) Converting physical 0 to logical package 0
[    0.389192] smpboot: Max logical packages: 1
[    0.391043] x2apic enabled
[    0.392519] Switched APIC routing to physical x2apic.
[    0.395544] ..TIMER: vector=0x30 apic1=0 pin1=2 apic2=-1 pin2=-1
[    0.504296] smpboot: CPU0: Intel(R) Core(TM) i5-3210M CPU @ 2.50GHz (family: 0x6, model: 0x3a, stepping: 0x9)
[    0.508265] Performance Events: unsupported p6 CPU model 58 no PMU driver, software events only.
[    0.523439] KVM setup paravirtual spinlock
[    0.525792] x86: Booting SMP configuration:
[    0.527375] .... node  #0, CPUs:      #1
[    0.529156] kvm-clock: cpu 1, msr 0:3ffe3041, secondary cpu clock
[    0.532416] mce: CPU supports 0 MCE banks
[    0.535583] x86: Booted up 1 node, 2 CPUs
[    0.537471] smpboot: Total of 2 processors activated (9977.26 BogoMIPS)
[    0.540487] devtmpfs: initialized
[    0.543723] evm: security.selinux
[    0.545172] evm: security.SMACK64
[    0.546490] evm: security.SMACK64EXEC
[    0.547886] evm: security.SMACK64TRANSMUTE
[    0.549488] evm: security.SMACK64MMAP
[    0.550891] evm: security.ima
[    0.552147] evm: security.capability
[    0.553977] clocksource: jiffies: mask: 0xffffffff max_cycles: 0xffffffff, max_idle_ns: 7645041785100000 ns
[    0.557549] futex hash table entries: 512 (order: 3, 32768 bytes)
[    0.559970] pinctrl core: initialized pinctrl subsystem
[    0.562011] RTC time: 22:05:19, date: 08/06/19
[    0.563977] NET: Registered protocol family 16
[    0.577122] cpuidle: using governor ladder
[    0.589792] cpuidle: using governor menu
[    0.591712] PCCT header not found.
[    0.593630] ACPI: bus type PCI registered
[    0.595378] acpiphp: ACPI Hot Plug PCI Controller Driver version: 0.5
[    0.598280] PCI: Using configuration type 1 for base access
[    0.613723] ACPI: Added _OSI(Module Device)
[    0.615793] ACPI: Added _OSI(Processor Device)
[    0.617684] ACPI: Added _OSI(3.0 _SCP Extensions)
[    0.619506] ACPI: Added _OSI(Processor Aggregator Device)
[    0.622703] ACPI: Executed 1 blocks of module-level executable AML code
[    0.629052] ACPI: Interpreter enabled
[    0.631151] ACPI: (supports S0 S5)
[    0.632915] ACPI: Using IOAPIC for interrupt routing
[    0.635341] PCI: Using host bridge windows from ACPI; if necessary, use "pci=nocrs" and report a bug
[    0.648332] ACPI: PCI Root Bridge [PCI0] (domain 0000 [bus 00-ff])
[    0.653676] acpi PNP0A03:00: _OSC: OS supports [ASPM ClockPM Segments MSI]
[    0.661514] acpi PNP0A03:00: _OSC: not requesting OS control; OS requires [ExtendedConfig ASPM ClockPM MSI]
[    0.669833] acpi PNP0A03:00: fail to add MMCONFIG information, can't access extended PCI configuration space under this bridge.
[    0.681287] PCI host bridge to bus 0000:00
[    0.685033] pci_bus 0000:00: root bus resource [io  0x0000-0x0cf7 window]
[    0.691008] pci_bus 0000:00: root bus resource [io  0x0d00-0xffff window]
[    0.696420] pci_bus 0000:00: root bus resource [mem 0x000a0000-0x000bffff window]
[    0.703200] pci_bus 0000:00: root bus resource [mem 0x40000000-0xfdffffff window]
[    0.709818] pci_bus 0000:00: root bus resource [bus 00-ff]
[    0.724870] pci 0000:00:01.1: legacy IDE quirk: reg 0x10: [io  0x01f0-0x01f7]
[    0.730513] pci 0000:00:01.1: legacy IDE quirk: reg 0x14: [io  0x03f6]
[    0.735200] pci 0000:00:01.1: legacy IDE quirk: reg 0x18: [io  0x0170-0x0177]
[    0.740125] pci 0000:00:01.1: legacy IDE quirk: reg 0x1c: [io  0x0376]
[    0.770819] pci 0000:00:07.0: quirk: [io  0x4000-0x403f] claimed by PIIX4 ACPI
[    0.784430] pci 0000:00:07.0: quirk: [io  0x4100-0x410f] claimed by PIIX4 SMB
[    0.796293] ACPI: PCI Interrupt Link [LNKA] (IRQs 5 9 10 *11)
[    0.799064] ACPI: PCI Interrupt Link [LNKB] (IRQs 5 9 *10 11)
[    0.802252] ACPI: PCI Interrupt Link [LNKC] (IRQs 5 *9 10 11)
[    0.805167] ACPI: PCI Interrupt Link [LNKD] (IRQs 5 9 10 *11)
[    0.807987] ACPI: Enabled 2 GPEs in block 00 to 07
[    0.810499] vgaarb: setting as boot device: PCI:0000:00:02.0
[    0.812560] vgaarb: device added: PCI:0000:00:02.0,decodes=io+mem,owns=io+mem,locks=none
[    0.815545] vgaarb: loaded
[    0.816860] vgaarb: bridge control possible 0000:00:02.0
[    0.819072] SCSI subsystem initialized
[    0.820760] ACPI: bus type USB registered
[    0.822333] usbcore: registered new interface driver usbfs
[    0.824307] usbcore: registered new interface driver hub
[    0.826307] usbcore: registered new device driver usb
[    0.828638] PCI: Using ACPI for IRQ routing
[    0.830724] NetLabel: Initializing
[    0.832111] NetLabel:  domain hash size = 128
[    0.833922] NetLabel:  protocols = UNLABELED CIPSOv4
[    0.837422] NetLabel:  unlabeled traffic allowed by default
[    0.839848] amd_nb: Cannot enumerate AMD northbridges
[    0.841833] clocksource: Switched to clocksource kvm-clock
[    0.852950] AppArmor: AppArmor Filesystem Enabled
[    0.854854] pnp: PnP ACPI init
[    0.857714] pnp: PnP ACPI: found 3 devices
[    0.869928] clocksource: acpi_pm: mask: 0xffffff max_cycles: 0xffffff, max_idle_ns: 2085701024 ns
[    0.873969] NET: Registered protocol family 2
[    0.875795] TCP established hash table entries: 8192 (order: 4, 65536 bytes)
[    0.878540] TCP bind hash table entries: 8192 (order: 5, 131072 bytes)
[    0.881507] TCP: Hash tables configured (established 8192 bind 8192)
[    0.884061] UDP hash table entries: 512 (order: 2, 16384 bytes)
[    0.886146] UDP-Lite hash table entries: 512 (order: 2, 16384 bytes)
[    0.888440] NET: Registered protocol family 1
[    0.890098] pci 0000:00:00.0: Limiting direct PCI/PCI transfers
[    0.892362] pci 0000:00:01.0: Activating ISA DMA hang workarounds
[    0.895131] Unpacking initramfs...
[    1.146352] Freeing initrd memory: 14828K
[    1.148224] RAPL PMU detected, API unit is 2^-32 Joules, 3 fixed counters 10737418240 ms ovfl timer
[    1.151670] hw unit of domain pp0-core 2^-0 Joules
[    1.153660] hw unit of domain package 2^-0 Joules
[    1.155499] hw unit of domain pp1-gpu 2^-0 Joules
[    1.157238] clocksource: tsc: mask: 0xffffffffffffffff max_cycles: 0x23f4406cc0d, max_idle_ns: 440795293671 ns
[    1.161463] platform rtc_cmos: registered platform RTC device (no PNP device found)
[    1.164655] Scanning for low memory corruption every 60 seconds
[    1.167372] audit: initializing netlink subsys (disabled)
[    1.169358] audit: type=2000 audit(1565129125.185:1): initialized
[    1.171936] Initialise system trusted keyring
[    1.173971] HugeTLB registered 2 MB page size, pre-allocated 0 pages
[    1.177517] zbud: loaded
[    1.179179] VFS: Disk quotas dquot_6.6.0
[    1.180731] VFS: Dquot-cache hash table entries: 512 (order 0, 4096 bytes)
[    1.183609] squashfs: version 4.0 (2009/01/31) Phillip Lougher
[    1.186133] fuse init (API version 7.23)
[    1.187774] Key type big_key registered
[    1.189269] Allocating IMA MOK and blacklist keyrings.
[    1.193074] Key type asymmetric registered
[    1.194694] Asymmetric key parser 'x509' registered
[    1.196520] Block layer SCSI generic (bsg) driver version 0.4 loaded (major 249)
[    1.199481] io scheduler noop registered
[    1.200996] io scheduler deadline registered (default)
[    1.203299] io scheduler cfq registered
[    1.204848] pci_hotplug: PCI Hot Plug PCI Core version: 0.5
[    1.206976] pciehp: PCI Express Hot Plug Controller Driver version: 0.4
[    1.209790] ACPI: AC Adapter [AC] (off-line)
[    1.211649] input: Power Button as /devices/LNXSYSTM:00/LNXPWRBN:00/input/input0
[    1.214403] ACPI: Power Button [PWRF]
[    1.216049] input: Sleep Button as /devices/LNXSYSTM:00/LNXSLPBN:00/input/input1
[    1.220033] ACPI: Sleep Button [SLPF]
[    1.223295] ACPI: Battery Slot [BAT0] (battery present)
[    1.225237] GHES: HEST is not enabled!
[    1.226868] Serial: 8250/16550 driver, 32 ports, IRQ sharing enabled
[    1.250059] 00:02: ttyS0 at I/O 0xf8 (irq = 4, base_baud = 115200) is a16550A
    1.256666] Linux agpgart interface 0.103
[    1.260633] loop: module loaded
[    1.262871] scsi host0: ata_piix
[    1.265023] scsi host1: ata_piix
[    1.266897] ata1: PATA max UDMA/33 cmd 0x1f0 ctl 0x3f6 bmdma 0xd000 irq 14
[    1.269867] ata2: PATA max UDMA/33 cmd 0x170 ctl 0x376 bmdma 0xd008 irq 15
[    1.274347] libphy: Fixed MDIO Bus: probed
[    1.275985] tun: Universal TUN/TAP device driver, 1.6
[    1.278345] tun: (C) 1999-2004 Max Krasnyansky <maxk@qualcomm.com>
[    1.280593] PPP generic driver version 2.4.2
[    1.282704] ehci_hcd: USB 2.0 'Enhanced' Host Controller (EHCI) Driver
[    1.285019] ehci-pci: EHCI PCI platform driver
[    1.286790] ehci-platform: EHCI generic platform driver
[    1.288690] ohci_hcd: USB 1.1 'Open' Host Controller (OHCI) Driver
[    1.290958] ohci-pci: OHCI PCI platform driver
[    1.292647] ohci-platform: OHCI generic platform driver
[    1.294664] uhci_hcd: USB Universal Host Controller Interface driver
[    1.296968] i8042: PNP: PS/2 Controller [PNP0303:PS2K,PNP0f03:PS2M] at 0x60,0x64 irq 1,12
[    1.300712] serio: i8042 KBD port at 0x60,0x64 irq 1
[    1.302668] serio: i8042 AUX port at 0x60,0x64 irq 12
[    1.304632] mousedev: PS/2 mouse device common for all mice
[    1.307429] rtc_cmos rtc_cmos: rtc core: registered rtc_cmos as rtc0
[    1.309896] rtc_cmos rtc_cmos: alarms up to one day, 114 bytes nvram
[    1.312161] i2c /dev entries driver
[    1.313617] input: AT Translated Set 2 keyboard as /devices/platform/i8042/serio0/input/input2
[    1.314009] device-mapper: uevent: version 1.0.3
[    1.317219] device-mapper: ioctl: 4.34.0-ioctl (2015-10-28) initialised: dm-devel@redhat.com
[    1.317236] ledtrig-cpu: registered to indicate activity on CPUs
[    1.317560] NET: Registered protocol family 10
[    1.318048] NET: Registered protocol family 17
[    1.318062] Key type dns_resolver registered
[    1.318492] registered taskstats version 1
[    1.318514] Loading compiled-in X.509 certificates
[    1.319396] Loaded X.509 cert 'Build time autogenerated kernel key: 5103689f9da3e841c6100f8bb032b132cf76e38d'
[    1.319428] zswap: loaded using pool lzo/zbud
[    1.322015] Key type trusted registered
[    1.326350] Key type encrypted registered
[    1.326359] AppArmor: AppArmor sha1 policy hashing enabled
[    1.326363] ima: No TPM chip found, activating TPM-bypass!
[    1.326375] ima: Allocated hash algorithm: sha1
[    1.326395] evm: HMAC attrs: 0x1
[    1.327190]   Magic number: 15:310:97
[    1.328235] rtc_cmos rtc_cmos: setting system clock to 2019-08-06 22:05:20 UTC (1565129120)
[    1.328325] BIOS EDD facility v0.16 2004-Jun-25, 0 devices found
[    1.328325] EDD information not available.
[    1.466002] Freeing unused kernel memory: 1484K
[    1.468315] Write protecting the kernel read-only data: 14336k
[    1.471835] Freeing unused kernel memory: 1620K
[    1.475218] Freeing unused kernel memory: 68K
Loading, please wait...
starting version 229
[    1.494907] random: systemd-udevd: uninitialized urandom read (16 bytes read, 2 bits of entropy available)
[    1.495440] random: udevadm: uninitialized urandom read (16 bytes read, 2 bits of entropy available)
[    1.495482] random: udevadm: uninitialized urandom read (16 bytes read, 2 bits of entropy available)
[    1.505315] random: systemd-udevd: uninitialized urandom read (16 bytes read, 2 bits of entropy available)
[    1.508890] random: systemd-udevd: uninitialized urandom read (16 bytes read, 2 bits of entropy available)
[    1.512491] random: systemd-udevd: uninitialized urandom read (16 bytes read, 2 bits of entropy available)
[    1.512830] random: udevadm: uninitialized urandom read (16 bytes read, 2 bits of entropy available)
[    1.512912] random: udevadm: uninitialized urandom read (16 bytes read, 2 bits of entropy available)
[    1.513204] random: udevadm: uninitialized urandom read (16 bytes read, 2 bits of entropy available)
[    1.513322] random: udevadm: uninitialized urandom read (16 bytes read, 2 bits of entropy available)
[    1.587989] e1000: Intel(R) PRO/1000 Network Driver - version 7.3.21-k8-NAPI
[    1.590521] e1000: Copyright (c) 1999-2006 Intel Corporation.
[    1.595550] Fusion MPT base driver 3.04.20
[    1.597186] Copyright (c) 1999-2008 LSI Corporation
[    1.620377] AVX version of gcm_enc/dec engaged.
[    1.622313] AES CTR mode by8 optimization enabled
[    1.642927] Fusion MPT SPI Host driver 3.04.20
[    1.817864] input: ImExPS/2 Generic Explorer Mouse as /devices/platform/i8042/serio1/input/input4
[    2.123829] e1000 0000:00:03.0 eth0: (PCI:33MHz:32-bit) 02:5b:c0:ee:75:0a
[    2.126317] e1000 0000:00:03.0 eth0: Intel(R) PRO/1000 Network Connection
[    2.130078] mptbase: ioc0: Initiating bringup
[    2.131418] e1000 0000:00:03.0 enp0s3: renamed from eth0
[    2.198428] ioc0: LSI53C1030 A0: Capabilities={Initiator}
[    2.691229] scsi host2: ioc0: LSI53C1030 A0, FwRev=00000000h, Ports=1, MaxQ=256, IRQ=20
[    3.259662] scsi 2:0:0:0: Direct-Access     VBOX     HARDDISK         1.0  PQ: 0 ANSI: 5
[    3.263977] scsi target2:0:0: Beginning Domain Validation
[    3.268054] scsi target2:0:0: Domain Validation skipping write tests
[    3.270696] scsi target2:0:0: Ending Domain Validation
[    3.272953] scsi target2:0:0: asynchronous
[    3.275280] scsi 2:0:1:0: Direct-Access     VBOX     HARDDISK         1.0  PQ: 0 ANSI: 5
[    3.278704] scsi target2:0:1: Beginning Domain Validation
[    3.293078] scsi target2:0:1: Domain Validation skipping write tests
[    3.295349] scsi target2:0:1: Ending Domain Validation
[    3.297399] scsi target2:0:1: asynchronous
[    3.309002] sd 2:0:0:0: Attached scsi generic sg0 type 0
[    3.311173] sd 2:0:0:0: [sda] 20971520 512-byte logical blocks: (10.7 GB/10.0 GiB)
[    3.314940] sd 2:0:1:0: [sdb] 20480 512-byte logical blocks: (10.5 MB/10.0 MiB)
[    3.318067] sd 2:0:0:0: [sda] Write Protect is off
[    3.318159] sd 2:0:1:0: Attached scsi generic sg1 type 0
[    3.318869] sd 2:0:1:0: [sdb] Write Protect is off
[    3.319167] sd 2:0:1:0: [sdb] Incomplete mode parameter data
[    3.319169] sd 2:0:1:0: [sdb] Assuming drive cache: write through
[    3.322647] sd 2:0:1:0: [sdb] Attached SCSI disk
[    3.331936] sd 2:0:0:0: [sda] Incomplete mode parameter data
[    3.334005] sd 2:0:0:0: [sda] Assuming drive cache: write through
[    3.338609]  sda: sda1
[    3.340993] sd 2:0:0:0: [sda] Attached SCSI disk
Begin: Loading essential drivers ... [    4.771464] md: linear personality registered for level -1
[    4.777549] md: multipath personality registered for level -4
[    4.783023] md: raid0 personality registered for level 0
[    4.789502] md: raid1 personality registered for level 1
[    4.862051] raid6: sse2x1   gen()  7663 MB/s
[    4.930082] raid6: sse2x1   xor()  6409 MB/s
[    4.998064] raid6: sse2x2   gen()  9790 MB/s
[    5.065999] raid6: sse2x2   xor()  7024 MB/s
[    5.134414] raid6: sse2x4   gen() 11602 MB/s
[    5.201961] raid6: sse2x4   xor()  8515 MB/s
[    5.204091] raid6: using algorithm sse2x4 gen() 11602 MB/s
[    5.206293] raid6: .... xor() 8515 MB/s, rmw enabled
[    5.208180] raid6: using ssse3x2 recovery algorithm
[    5.212103] xor: automatically using best checksumming function:
[    5.254346]    avx       : 25746.000 MB/sec
[    5.257824] async_tx: api initialized (async)
[    5.273387] md: raid6 personality registered for level 6
[    5.276394] md: raid5 personality registered for level 5
[    5.279220] md: raid4 personality registered for level 4
[    5.301840] md: raid10 personality registered for level 10
done.
Begin: Running /scripts/init-premount ... done.
Begin: Mounting root file system ... Begin: Running /scripts/local-top ... done.
Begin: Running /scripts/local-premount ... [    5.387872] Btrfs loaded
Scanning for Btrfs filesystems
done.
Warning: fsck not present, so skipping root file system
[    5.450607] EXT4-fs (sda1): mounted filesystem with ordered data mode. Opts: (null)
done.
Begin: Running /scripts/local-bottom ... done.
Begin: Running /scripts/init-bottom ... done.
[    5.580678] systemd[1]: systemd 229 running in system mode. (+PAM +AUDIT +SELINUX +IMA +APPARMOR +SMACK +SYSVINIT +UTMP +LIBCRYPTSETUP +GCRYPT +GNUTLS +ACL +XZ -LZ4 +SECCOMP +BLKID +ELFUTILS +KMOD -IDN)
[    5.587376] systemd[1]: Detected virtualization oracle.
[    5.589324] systemd[1]: Detected architecture x86-64.

Welcome to [1mUbuntu 16.04.6 LTS[0m!

[    5.610627] systemd[1]: Set hostname to <ubuntu-xenial>.
[    5.839394] systemd[1]: Listening on LVM2 poll daemon socket.
[[0;32m  OK  [0m] Listening on LVM2 poll daemon socket.
[    5.843829] systemd[1]: Listening on LVM2 metadata daemon socket.
[[0;32m  OK  [0m] Listening on LVM2 metadata daemon socket.
[    5.848490] systemd[1]: Listening on udev Kernel Socket.
[[0;32m  OK  [0m] Listening on udev Kernel Socket.
[    5.852696] systemd[1]: Reached target User and Group Name Lookups.
[[0;32m  OK  [0m] Reached target User and Group Name Lookups.
[    5.857534] systemd[1]: Started Trigger resolvconf update for networkd DNS.
[[0;32m  OK  [0m] Started Trigger resolvconf update for networkd DNS.
[    5.862871] systemd[1]: Listening on Journal Socket.
[[0;32m  OK  [0m] Listening on Journal Socket.
[    5.866748] systemd[1]: Reached target Encrypted Volumes.
[[0;32m  OK  [0m] Reached target Encrypted Volumes.
[    5.870904] systemd[1]: Reached target System Time Synchronized.
[[0;32m  OK  [0m] Reached target System Time Synchronized.
[    5.875489] systemd[1]: Created slice User and Session Slice.
[[0;32m  OK  [0m] Created slice User and Session Slice.
[    5.882368] systemd[1]: Started Forward Password Requests to Wall Directory Watch.
[[0;32m  OK  [0m] Started Forward Password Requests to Wall Directory Watch.
[    5.887955] systemd[1]: Listening on Syslog Socket.
[[0;32m  OK  [0m] Listening on Syslog Socket.
[    5.891880] systemd[1]: Reached target Swap.
[[0;32m  OK  [0m] Reached target Swap.
[    5.895174] systemd[1]: Listening on Device-mapper event daemon FIFOs.
[[0;32m  OK  [0m] Listening on Device-mapper event daemon FIFOs.
[    5.901554] systemd[1]: Set up automount Arbitrary Executable File Formats File System Automount Point.
[[0;32m  OK  [0m] Set up automount Arbitrary Executab...ats File System Automount Point.
[    5.908352] systemd[1]: Listening on /dev/initctl Compatibility Named Pipe.
[[0;32m  OK  [0m] Listening on /dev/initctl Compatibility Named Pipe.
[    5.914041] systemd[1]: Created slice System Slice.
[[0;32m  OK  [0m] Created slice System Slice.
[    5.930548] systemd[1]: Starting Nameserver information manager...
         Starting Nameserver information manager...
[    5.942655] systemd[1]: Mounting POSIX Message Queue File System...
         Mounting POSIX Message Queue File System...
[    5.948161] systemd[1]: Starting Uncomplicated firewall...
         Starting Uncomplicated firewall...
[    5.953781] systemd[1]: Mounting Huge Pages File System...
         Mounting Huge Pages File System...
[    5.961504] systemd[1]: Starting Create list of required static device nodes for the current kernel...
         Starting Create list of required st... nodes for the current kernel...
[    5.973231] systemd[1]: Mounting Debug File System...
         Mounting Debug File System...
[    5.978777] systemd[1]: Starting Load Kernel Modules...
         Starting Load Kernel Modules...
[    5.988675] systemd[1]: Starting Remount Root and Kernel File Systems...
         Starting Remount Root and Kernel File Systems...
[    5.997626] systemd[1]: Starting Set console keymap...
         Starting Set console keymap...
[    6.002840] systemd[1]: Created slice system-serial\x2dgetty.slice.
[    6.006611] EXT4-fs (sda1): re-mounted. Opts: (null)
[    6.010221] Loading iSCSI transport class v2.0-870.
[[0;32m  OK  [0m] Created slice system-serial\x2dgetty.slice.
[    6.014869] systemd[1]: Listening on Journal Audit Socket.
[[0;32m  OK  [0m] Listening on Journal Audit Socket.
[    6.019550] systemd[1]: Listening on udev Control Socket.
[[0;32m  OK  [0m] Listening on udev Control Socket.
[    6.024732] systemd[1]: Listening on Journal Socket (/dev/log).
[[0;32m  OK  [0m] Listening on Journal Socket (/dev/log).
[    6.032663] iscsi: registered transport (tcp)
[    6.050213] systemd[1]: Starting Journal Service...
         Starting Journal Service...
[    6.056373] systemd[1]: Starting Monitoring of LVM2 mirrors, snapshots etc. using dmeventd or progress polling...
         Starting Monitoring of LVM2 mirrors... dmeventd or progress polling...
[    6.072909] systemd[1]: Reached target Slices.
[[0;32m  OK  [0m] Reached target Slices.
[    6.081168] systemd[1]: Mounted POSIX Message Queue File System.
[[0;32m  OK  [0m] Mounted POSIX Message Queue File System.
[    6.087127] systemd[1]: Mounted Huge Pages File System.
[[0;32m  OK  [0m] Mounted Huge Pages File System.
[    6.092238] systemd[1]: Mounted Debug File System.
[[0;32m  OK  [0m] Mounted Debug File System.
[    6.097202] systemd[1]: Started Journal Service.
[[0;32m  OK  [0m] Started Journal Service.
[    6.107041] iscsi: registered transport (iser)
[[0;32m  OK  [0m] Started Uncomplicated firewall.
[[0;32m  OK  [0m] Started Create list of required sta...ce nodes for the current kernel.
[[0;32m  OK  [0m] Started Load Kernel Modules.
[[0;32m  OK  [0m] Started Remount Root and Kernel File Systems.
[[0;32m  OK  [0m] Started Set console keymap.
[[0;32m  OK  [0m] Started Nameserver information manager.
[[0;32m  OK  [0m] Started LVM2 metadata daemon.
         Starting Load/Save Random Seed...
         Starting udev Coldplug all Devices...
         Mounting FUSE Control File System...
         Starting Apply Kernel Variables...
         Starting Create Static Device Nodes in /dev...
         Starting Flush Journal to Persistent Storage...
[[0;32m  OK  [0m] Mounted FUSE Control File System.
[[0;32m  OK  [0m] Started Load/Save Random Seed.
[[0;32m  OK  [0m] Started Apply Kernel Variables.
[[0;32m  OK  [0m] Started Flush Journal to Persistent Storage.
[[0;32m  OK  [0m] Started Create Static Device Nodes in /dev.
         Starting udev Kernel Device Manager...
[[0;32m  OK  [0m] Started udev Coldplug all Devices.
[[0;32m  OK  [0m] Started udev Kernel Device Manager.
[[0;32m  OK  [0m] Started Dispatch Password Requests to Console Directory Watch.
[[0;32m  OK  [0m] Started Monitoring of LVM2 mirrors,...ng dmeventd or progress polling.
[[0;32m  OK  [0m] Reached target Local File Systems (Pre).
[[0;32m  OK  [0m] Reached target Local File Systems.
         Starting Create Volatile Files and Directories...
         Starting Set console font and keymap...
         Starting Initial cloud-init job (pre-networking)...
         Starting LSB: AppArmor initialization...
         Starting Tell Plymouth To Write Out Runtime Data...
[[0;32m  OK  [0m] Started Create Volatile Files and Directories.
[[0;32m  OK  [0m] Started Tell Plymouth To Write Out Runtime Data.
         Starting Update UTMP about System Boot/Shutdown...
[[0;32m  OK  [0m] Started Update UTMP about System Boot/Shutdown.
[[0;32m  OK  [0m] Found device /dev/ttyS0.
[[0;32m  OK  [0m] Listening on Load/Save RF Kill Switch Status /dev/rfkill Watch.
[[0;32m  OK  [0m] Started LSB: AppArmor initialization.
[[0;32m  OK  [0m] Found device 82540EM Gigabit Ethern...r (PRO/1000 MT Desktop Adapter).
[    7.511913] cloud-init[499]: Cloud-init v. 18.5-45-g3554ffe8-0ubuntu1~16.04.1 running 'init-local' at Tue, 06 Aug 2019 22:05:26 +0000. Up 7.08 seconds.
[[0;32m  OK  [0m] Started Initial cloud-init job (pre-networking).
[[0;32m  OK  [0m] Started Set console font and keymap.
[[0;32m  OK  [0m] Created slice system-getty.slice.
[[0;32m  OK  [0m] Reached target Network (Pre).
         Starting Raise network interfaces...
[[0;32m  OK  [0m] Started ifup for enp0s3.
[[0;32m  OK  [0m] Started Raise network interfaces.
[[0;32m  OK  [0m] Reached target Network.
         Starting Initial cloud-init job (metadata service crawler)...
[    8.605661] cloud-init[985]: Cloud-init v. 18.5-45-g3554ffe8-0ubuntu1~16.04.1 running 'init' at Tue, 06 Aug 2019 22:05:27 +0000. Up 8.19 seconds.
[    8.613474] cloud-init[985]: ci-info: ++++++++++++++++++++++++++++++++++++++Net device info++++++++++++++++++++++++++++++++++++++
[    8.618644] cloud-init[985]: ci-info: +--------+------+----------------------------+---------------+--------+-------------------+
[    8.623113] cloud-init[985]: ci-info: | Device |  Up  |          Address           |      Mask     | Scope  |     Hw-Address    |
[    8.627220] cloud-init[985]: ci-info: +--------+------+----------------------------+---------------+--------+-------------------+
[    8.632159] cloud-init[985]: ci-info: | enp0s3 | True |         10.0.2.15          | 255.255.255.0 | global | 02:5b:c0:ee:75:0a |
[    8.638501] cloud-init[985]: ci-info: | enp0s3 | True | fe80::5b:c0ff:feee:750a/64 |       .       |  link  | 02:5b:c0:ee:75:0a |
[    8.644912] cloud-init[985]: ci-info: |   lo   | True |         127.0.0.1          |   255.0.0.0   |  host  |         .         |
[    8.649742] cloud-init[985]: ci-info: |   lo   | True |          ::1/128           |       .       |  host  |         .         |
[    8.658645] cloud-init[985]: ci-info: +--------+------+----------------------------+---------------+--------+-------------------+
[    8.664703] cloud-init[985]: ci-info: +++++++++++++++++++++++++++Route IPv4 info++++++++++++++++++++++++++++
[    8.669944] cloud-init[985]: ci-info: +-------+-------------+----------+---------------+-----------+-------+[[0;32m  OK  [0m] Started Initial cloud-init job (metadata service crawler).
[[0;32m  OK  [0m
] [    8.676928] cloud-init[985]: ci-info: | Route | Destination | Gateway  |    Genmask    | Interface | Flags |
[    8.677037] cloud-init[985]: ci-info: +-------+-------------+----------+---------------+-----------+-------+
[    8.681602] cloud-init[985]: ci-info: |   0   |   0.0.0.0   | 10.0.2.2 |    0.0.0.0    |   enp0s3  |   UG  |
[    8.684669] cloud-init[985]: ci-info: |   1   |   10.0.2.0  | 0.0.0.0  | 255.255.255.0 |   enp0s3  |   U   |
[    8.688524] cloud-init[985]: ci-info: +-------+-------------+----------+---------------+-----------+-------+
[    8.692356] cloud-init[985]: ci-info: +++++++++++++++++++Route IPv6 info+++++++++++++++++++
[    8.694109] cloud-init[985]: ci-info: +-------+-------------+---------+-----------+-------+
[    8.697251] cloud-init[985]: ci-info: | Route | Destination | Gateway | Interface | Flags |
[    8.701337] cloud-init[985]: ci-info: +-------+-------------+---------+-----------+-------+
[    8.703471] cloud-init[985]: ci-info: |   0   |  fe80::/64  |    ::   |   enp0s3  |   U   |
[    8.706509] cloud-init[985]: ci-info: |   3   |   ff00::/8  |    ::   |   enp0s3  |   U   |
[    8.709555] cloud-init[985]: ci-info: +-------+-------------+---------+-----------+-------+
Reached target Cloud-config availability.
[[0;32m  OK  [0m] Reached target System Initialization.
         Starting LXD - unix socket.
[[0;32m  OK  [0m] Listening on UUID daemon activation socket.
         Starting Socket activation for snappy daemon.
[[0;32m  OK  [0m] Listening on D-Bus System Message Bus Socket.
[[0;32m  OK  [0m] Started Daily Cleanup of Temporary Directories.
[[0;32m  OK  [0m] Started ACPI Events Check.
[[0;32m  OK  [0m] Reached target Paths.
[[0;32m  OK  [0m] Started Daily apt download activities.
[[0;32m  OK  [0m] Started Daily apt upgrade and clean activities.
[[0;32m  OK  [0m] Reached target Timers.
[[0;32m  OK  [0m] Listening on ACPID Listen Socket.
[[0;32m  OK  [0m] Reached target Network is Online.
         Starting iSCSI initiator daemon (iscsid)...
[[0;32m  OK  [0m] Listening on LXD - unix socket.
[[0;32m  OK  [0m] Listening on Socket activation for snappy daemon.
[[0;32m  OK  [0m] Reached target Sockets.
[[0;32m  OK  [0m] Reached target Basic System.
         Starting Login Service...
[[0;32m  OK  [0m] Started Regular background program processing daemon.
         Starting LSB: Record successful boot for GRUB...
[[0;32m  OK  [0m] Started Deferred execution scheduler.
         Starting Accounts Service...
         Starting OpenBSD Secure Shell server...
         Starting LXD - container startup/shutdown...
[[0;32m  OK  [0m] Started ACPI event daemon.
         Starting System Logging Service...
         Starting LSB: MD monitoring daemon...
[[0;32m  OK  [0m] Started D-Bus System Message Bus.
[[0;32m  OK  [0m] Started Unattended Upgrades Shutdown.
         Starting /etc/rc.local Compatibility...
[[0;32m  OK  [0m] Started FUSE filesystem for LXC.
         Starting Virtualbox guest utils...
         Starting Snappy daemon...
[[0;32m  OK  [0m] Started System Logging Service.
[[0;32m  OK  [0m] Started /etc/rc.local Compatibility.
[[0;32m  OK  [0m] Started iSCSI initiator daemon (iscsid).
[[0;32m  OK  [0m] Started OpenBSD Secure Shell server.
[[0;32m  OK  [0m] Started LSB: Record successful boot for GRUB.
[[0;32m  OK  [0m] Started LSB: MD monitoring daemon.
[[0;32m  OK  [0m] Started LXD - container startup/shutdown.
[[0;32m  OK  [0m] Started Login Service.
         Starting Authenticate and Authorize Users to Run Privileged Tasks...
         Starting Login to default iSCSI targets...
[[0;32m  OK  [0m] Started Login to default iSCSI targets.
[[0;32m  OK  [0m] Reached target Remote File Systems (Pre).
[[0;32m  OK  [0m] Reached target Remote File Systems.
         Starting LSB: daemon to balance interrupts for SMP systems...
         Starting Permit User Sessions...
         Starting LSB: automatic crash report generation...
         Starting LSB: Set the CPU Frequency Scaling governor to "ondemand"...
[[0;32m  OK  [0m] Started Permit User Sessions.
[[0;32m  OK  [0m] Started Authenticate and Authorize Users to Run Privileged Tasks.
[[0;32m  OK  [0m] Started Accounts Service.
         Starting Hold until boot process finishes up...
         Starting Terminate Plymouth Boot Screen...
[[0;32m  OK  [0m] Started Hold until boot process finishes up.
[[0;32m  OK  [0m] Started Terminate Plymouth Boot Screen.
[[0;32m  OK  [0m] Started Virtualbox guest utils.
[[0;32m  OK  [0m] Started Serial Getty on ttyS0.
         Starting Set console scheme...
[[0;32m  OK  [0m] Started Getty on tty1.
[[0;32m  OK  [0m] Reached target Login Prompts.
[[0;32m  OK  [0m] Started Snappy daemon.
[[0;32m  OK  [0m] Started LSB: daemon to balance interrupts for SMP systems.
[[0;32m  OK  [0m] Started LSB: automatic crash report generation.
[[0;32m  OK  [0m] Started LSB: Set the CPU Frequency Scaling governor to "ondemand".
[[0;32m  OK  [0m] Started Set console scheme.
         Starting Wait until snapd is fully seeded...
[[0;32m  OK  [0m] Started Wait until snapd is fully seeded.
[[0;32m  OK  [0m] Reached target Multi-User System.
[[0;32m  OK  [0m] Reached target Graphical Interface.
         Starting Update UTMP about System Runlevel Changes...
         Starting Apply the settings specified in cloud-config...
[[0;32m  OK  [0m] Started Update UTMP about System Runlevel Changes.
[   10.371906] cloud-init[1240]: Cloud-init v. 18.5-45-g3554ffe8-0ubuntu1~16.04.1 running 'modules:config' at Tue, 06 Aug 2019 22:05:29 +0000. Up 10.11 seconds.
[[0;32m  OK  [0m] Started Apply the settings specified in cloud-config.
         Starting Execute cloud user/final scripts...
[   11.022441] cloud-init[1250]: Cloud-init v. 18.5-45-g3554ffe8-0ubuntu1~16.04.1 running 'modules:final' at Tue, 06 Aug 2019 22:05:30 +0000. Up 10.91 seconds.
[   11.026829] cloud-init[1250]: Cloud-init v. 18.5-45-g3554ffe8-0ubuntu1~16.04.1 finished at Tue, 06 Aug 2019 22:05:30 +0000. Datasource DataSourceNoCloud [seed=/dev/sdb][dsmode=net].  Up 11.01 seconds
[[0;32m  OK  [0m] Started Execute cloud user/final scripts.
[[0;32m  OK  [0m] Reached target Cloud-init target.

Ubuntu 16.04.6 LTS ubuntu-xenial ttyS0

ubuntu-xenial login: 