07-Aug-2019 06:23:27.691 INFO [main] org.apache.catalina.startup.VersionLoggerListener.log Server version name:   Apache Tomcat/9.0.22
07-Aug-2019 06:23:27.696 INFO [main] org.apache.catalina.startup.VersionLoggerListener.log Server built:          Jul 4 2019 14:20:06 UTC
07-Aug-2019 06:23:27.700 INFO [main] org.apache.catalina.startup.VersionLoggerListener.log Server version number: 9.0.22.0
07-Aug-2019 06:23:27.701 INFO [main] org.apache.catalina.startup.VersionLoggerListener.log OS Name:               Linux
07-Aug-2019 06:23:27.702 INFO [main] org.apache.catalina.startup.VersionLoggerListener.log OS Version:            4.4.0-148-generic
07-Aug-2019 06:23:27.702 INFO [main] org.apache.catalina.startup.VersionLoggerListener.log Architecture:          amd64
07-Aug-2019 06:23:27.702 INFO [main] org.apache.catalina.startup.VersionLoggerListener.log Java Home:             /usr/lib/jvm/java-8-openjdk-amd64/jre
07-Aug-2019 06:23:27.703 INFO [main] org.apache.catalina.startup.VersionLoggerListener.log JVM Version:           1.8.0_222-8u222-b10-1ubuntu1~16.04.1-b10
07-Aug-2019 06:23:27.703 INFO [main] org.apache.catalina.startup.VersionLoggerListener.log JVM Vendor:            Private Build
07-Aug-2019 06:23:27.703 INFO [main] org.apache.catalina.startup.VersionLoggerListener.log CATALINA_BASE:         /home/vagrant/Practice/tomcat9
07-Aug-2019 06:23:27.704 INFO [main] org.apache.catalina.startup.VersionLoggerListener.log CATALINA_HOME:         /home/vagrant/Practice/tomcat9
07-Aug-2019 06:23:27.705 INFO [main] org.apache.catalina.startup.VersionLoggerListener.log Command line argument: -Djava.util.logging.config.file=/home/vagrant/Practice/tomcat9/conf/logging.properties
07-Aug-2019 06:23:27.708 INFO [main] org.apache.catalina.startup.VersionLoggerListener.log Command line argument: -Djava.util.logging.manager=org.apache.juli.ClassLoaderLogManager
07-Aug-2019 06:23:27.709 INFO [main] org.apache.catalina.startup.VersionLoggerListener.log Command line argument: -Djdk.tls.ephemeralDHKeySize=2048
07-Aug-2019 06:23:27.709 INFO [main] org.apache.catalina.startup.VersionLoggerListener.log Command line argument: -Djava.protocol.handler.pkgs=org.apache.catalina.webresources
07-Aug-2019 06:23:27.710 INFO [main] org.apache.catalina.startup.VersionLoggerListener.log Command line argument: -Dorg.apache.catalina.security.SecurityListener.UMASK=0027
07-Aug-2019 06:23:27.710 INFO [main] org.apache.catalina.startup.VersionLoggerListener.log Command line argument: -Dignore.endorsed.dirs=
07-Aug-2019 06:23:27.710 INFO [main] org.apache.catalina.startup.VersionLoggerListener.log Command line argument: -Dcatalina.base=/home/vagrant/Practice/tomcat9
07-Aug-2019 06:23:27.711 INFO [main] org.apache.catalina.startup.VersionLoggerListener.log Command line argument: -Dcatalina.home=/home/vagrant/Practice/tomcat9
07-Aug-2019 06:23:27.711 INFO [main] org.apache.catalina.startup.VersionLoggerListener.log Command line argument: -Djava.io.tmpdir=/home/vagrant/Practice/tomcat9/temp
07-Aug-2019 06:23:27.712 INFO [main] org.apache.catalina.core.AprLifecycleListener.lifecycleEvent The APR based Apache Tomcat Native library which allows optimal performance in production environments was not found on the java.library.path: [/usr/java/packages/lib/amd64:/usr/lib/x86_64-linux-gnu/jni:/lib/x86_64-linux-gnu:/usr/lib/x86_64-linux-gnu:/usr/lib/jni:/lib:/usr/lib]
07-Aug-2019 06:23:28.243 INFO [main] org.apache.coyote.AbstractProtocol.init Initializing ProtocolHandler ["http-nio-8080"]
07-Aug-2019 06:23:28.334 INFO [main] org.apache.coyote.AbstractProtocol.init Initializing ProtocolHandler ["ajp-nio-8009"]
07-Aug-2019 06:23:28.347 INFO [main] org.apache.catalina.startup.Catalina.load Server initialization in [1,063] milliseconds
07-Aug-2019 06:23:28.434 INFO [main] org.apache.catalina.core.StandardService.startInternal Starting service [Catalina]
07-Aug-2019 06:23:28.436 INFO [main] org.apache.catalina.core.StandardEngine.startInternal Starting Servlet engine: [Apache Tomcat/9.0.22]
07-Aug-2019 06:23:28.474 INFO [main] org.apache.catalina.startup.HostConfig.deployDirectory Deploying web application directory [/home/vagrant/Practice/tomcat9/webapps/docs]
07-Aug-2019 06:23:29.210 INFO [main] org.apache.catalina.startup.HostConfig.deployDirectory Deployment of web application directory [/home/vagrant/Practice/tomcat9/webapps/docs] has finished in [736] ms
07-Aug-2019 06:23:29.217 INFO [main] org.apache.catalina.startup.HostConfig.deployDirectory Deploying web application directory [/home/vagrant/Practice/tomcat9/webapps/manager]
07-Aug-2019 06:23:29.477 INFO [main] org.apache.catalina.startup.HostConfig.deployDirectory Deployment of web application directory [/home/vagrant/Practice/tomcat9/webapps/manager] has finished in [259] ms
07-Aug-2019 06:23:29.481 INFO [main] org.apache.catalina.startup.HostConfig.deployDirectory Deploying web application directory [/home/vagrant/Practice/tomcat9/webapps/examples]
07-Aug-2019 06:23:34.333 INFO [main] org.apache.catalina.startup.HostConfig.deployDirectory Deployment of web application directory [/home/vagrant/Practice/tomcat9/webapps/examples] has finished in [4,853] ms
07-Aug-2019 06:23:34.335 INFO [main] org.apache.catalina.startup.HostConfig.deployDirectory Deploying web application directory [/home/vagrant/Practice/tomcat9/webapps/ROOT]
07-Aug-2019 06:23:34.469 INFO [main] org.apache.catalina.startup.HostConfig.deployDirectory Deployment of web application directory [/home/vagrant/Practice/tomcat9/webapps/ROOT] has finished in [135] ms
07-Aug-2019 06:23:34.470 INFO [main] org.apache.catalina.startup.HostConfig.deployDirectory Deploying web application directory [/home/vagrant/Practice/tomcat9/webapps/host-manager]
07-Aug-2019 06:23:34.651 INFO [main] org.apache.catalina.startup.HostConfig.deployDirectory Deployment of web application directory [/home/vagrant/Practice/tomcat9/webapps/host-manager] has finished in [181] ms
07-Aug-2019 06:23:34.660 INFO [main] org.apache.coyote.AbstractProtocol.start Starting ProtocolHandler ["http-nio-8080"]
07-Aug-2019 06:23:34.679 INFO [main] org.apache.coyote.AbstractProtocol.start Starting ProtocolHandler ["ajp-nio-8009"]
07-Aug-2019 06:23:34.683 INFO [main] org.apache.catalina.startup.Catalina.start Server startup in [6,334] milliseconds
