07-Aug-2019 06:23:34.270 INFO [main] org.apache.catalina.core.ApplicationContext.log ContextListener: contextInitialized()
07-Aug-2019 06:23:34.271 INFO [main] org.apache.catalina.core.ApplicationContext.log SessionListener: contextInitialized()
07-Aug-2019 06:23:34.282 INFO [main] org.apache.catalina.core.ApplicationContext.log ContextListener: attributeAdded('StockTicker', 'async.Stockticker@37ceb1df')
07-Aug-2019 06:48:12.599 INFO [main] org.apache.catalina.core.ApplicationContext.log ContextListener: contextInitialized()
07-Aug-2019 06:48:12.599 INFO [main] org.apache.catalina.core.ApplicationContext.log SessionListener: contextInitialized()
07-Aug-2019 06:48:12.615 INFO [main] org.apache.catalina.core.ApplicationContext.log ContextListener: attributeAdded('StockTicker', 'async.Stockticker@77f1baf5')
07-Aug-2019 06:48:13.552 INFO [main] org.apache.catalina.core.ApplicationContext.log SessionListener: contextDestroyed()
07-Aug-2019 06:48:13.553 INFO [main] org.apache.catalina.core.ApplicationContext.log ContextListener: contextDestroyed()
07-Aug-2019 06:51:39.985 INFO [Thread-5] org.apache.catalina.core.ApplicationContext.log SessionListener: contextDestroyed()
07-Aug-2019 06:51:39.987 INFO [Thread-5] org.apache.catalina.core.ApplicationContext.log ContextListener: contextDestroyed()
07-Aug-2019 06:52:53.158 INFO [main] org.apache.catalina.core.ApplicationContext.log ContextListener: contextInitialized()
07-Aug-2019 06:52:53.159 INFO [main] org.apache.catalina.core.ApplicationContext.log SessionListener: contextInitialized()
07-Aug-2019 06:52:53.179 INFO [main] org.apache.catalina.core.ApplicationContext.log ContextListener: attributeAdded('StockTicker', 'async.Stockticker@37ceb1df')
07-Aug-2019 07:00:05.489 INFO [main] org.apache.catalina.core.ApplicationContext.log SessionListener: contextDestroyed()
07-Aug-2019 07:00:05.490 INFO [main] org.apache.catalina.core.ApplicationContext.log ContextListener: contextDestroyed()
07-Aug-2019 07:00:21.826 INFO [main] org.apache.catalina.core.ApplicationContext.log ContextListener: contextInitialized()
07-Aug-2019 07:00:21.827 INFO [main] org.apache.catalina.core.ApplicationContext.log SessionListener: contextInitialized()
07-Aug-2019 07:00:21.840 INFO [main] org.apache.catalina.core.ApplicationContext.log ContextListener: attributeAdded('StockTicker', 'async.Stockticker@2a5c8d3f')
07-Aug-2019 07:02:52.696 INFO [main] org.apache.catalina.core.ApplicationContext.log SessionListener: contextDestroyed()
07-Aug-2019 07:02:52.697 INFO [main] org.apache.catalina.core.ApplicationContext.log ContextListener: contextDestroyed()
07-Aug-2019 07:03:03.925 INFO [main] org.apache.catalina.core.ApplicationContext.log ContextListener: contextInitialized()
07-Aug-2019 07:03:03.925 INFO [main] org.apache.catalina.core.ApplicationContext.log SessionListener: contextInitialized()
07-Aug-2019 07:03:03.942 INFO [main] org.apache.catalina.core.ApplicationContext.log ContextListener: attributeAdded('StockTicker', 'async.Stockticker@752325ad')
07-Aug-2019 07:04:18.932 INFO [main] org.apache.catalina.core.ApplicationContext.log SessionListener: contextDestroyed()
07-Aug-2019 07:04:18.933 INFO [main] org.apache.catalina.core.ApplicationContext.log ContextListener: contextDestroyed()
07-Aug-2019 07:04:20.465 INFO [main] org.apache.catalina.core.ApplicationContext.log ContextListener: contextInitialized()
07-Aug-2019 07:04:20.468 INFO [main] org.apache.catalina.core.ApplicationContext.log SessionListener: contextInitialized()
07-Aug-2019 07:04:20.483 INFO [main] org.apache.catalina.core.ApplicationContext.log ContextListener: attributeAdded('StockTicker', 'async.Stockticker@1ce24091')
07-Aug-2019 07:04:26.951 INFO [main] org.apache.catalina.core.ApplicationContext.log ContextListener: contextInitialized()
07-Aug-2019 07:04:26.951 INFO [main] org.apache.catalina.core.ApplicationContext.log SessionListener: contextInitialized()
07-Aug-2019 07:04:26.962 INFO [main] org.apache.catalina.core.ApplicationContext.log ContextListener: attributeAdded('StockTicker', 'async.Stockticker@752325ad')
07-Aug-2019 07:04:27.473 INFO [main] org.apache.catalina.core.ApplicationContext.log SessionListener: contextDestroyed()
07-Aug-2019 07:04:27.473 INFO [main] org.apache.catalina.core.ApplicationContext.log ContextListener: contextDestroyed()
07-Aug-2019 07:05:11.761 INFO [main] org.apache.catalina.core.ApplicationContext.log ContextListener: contextInitialized()
07-Aug-2019 07:05:11.763 INFO [main] org.apache.catalina.core.ApplicationContext.log SessionListener: contextInitialized()
07-Aug-2019 07:05:11.779 INFO [main] org.apache.catalina.core.ApplicationContext.log ContextListener: attributeAdded('StockTicker', 'async.Stockticker@752325ad')
07-Aug-2019 07:05:12.318 INFO [main] org.apache.catalina.core.ApplicationContext.log SessionListener: contextDestroyed()
07-Aug-2019 07:05:12.319 INFO [main] org.apache.catalina.core.ApplicationContext.log ContextListener: contextDestroyed()
07-Aug-2019 07:06:54.766 INFO [main] org.apache.catalina.core.ApplicationContext.log SessionListener: contextDestroyed()
07-Aug-2019 07:06:54.766 INFO [main] org.apache.catalina.core.ApplicationContext.log ContextListener: contextDestroyed()
07-Aug-2019 07:07:05.545 INFO [main] org.apache.catalina.core.ApplicationContext.log ContextListener: contextInitialized()
07-Aug-2019 07:07:05.547 INFO [main] org.apache.catalina.core.ApplicationContext.log SessionListener: contextInitialized()
07-Aug-2019 07:07:05.570 INFO [main] org.apache.catalina.core.ApplicationContext.log ContextListener: attributeAdded('StockTicker', 'async.Stockticker@37ceb1df')
07-Aug-2019 07:09:14.224 INFO [main] org.apache.catalina.core.ApplicationContext.log SessionListener: contextDestroyed()
07-Aug-2019 07:09:14.226 INFO [main] org.apache.catalina.core.ApplicationContext.log ContextListener: contextDestroyed()
07-Aug-2019 07:09:27.240 INFO [main] org.apache.catalina.core.ApplicationContext.log ContextListener: contextInitialized()
07-Aug-2019 07:09:27.241 INFO [main] org.apache.catalina.core.ApplicationContext.log SessionListener: contextInitialized()
07-Aug-2019 07:09:27.255 INFO [main] org.apache.catalina.core.ApplicationContext.log ContextListener: attributeAdded('StockTicker', 'async.Stockticker@23348b5d')
